This is pdfTeX, Version 3.14159265-2.6-1.40.18 (TeX Live 2017) (preloaded format=pdflatex 2017.10.10)  3 OCT 2019 22:15
entering extended mode
 restricted \write18 enabled.
 %&-line parsing enabled.
**main.tex
(./main.tex
LaTeX2e <2017-04-15>
Babel <3.10> and hyphenation patterns for 84 language(s) loaded.
(./rsos.cls

LaTeX Warning: You have requested document class `rsos',
               but the document class provides `rsproca'.

Document Class: rsproca 2005/12/01 v1.1 Standard LaTeX document class
(/usr/local/texlive/2017/texmf-dist/tex/latex/vruler/vruler.sty 2.3 <24/10/96>
    VRULER version 2.3 Octorber 1996 By Z Jiang
    University of New England, Australia
    Email: zhuhan@neumann.une.edu.au
) (/usr/local/texlive/2017/texmf-dist/tex/latex/crop/crop.sty
Package: crop 2003/05/20 v1.9 crop marks (mf)
\stockwidth=\dimen107
\stockheight=\dimen108
\CROP@index=\count89

(/usr/local/texlive/2017/texmf-dist/tex/latex/graphics/color.sty
Package: color 2016/07/10 v1.1e Standard LaTeX Color (DPC)

(/usr/local/texlive/2017/texmf-dist/tex/latex/graphics-cfg/color.cfg
File: color.cfg 2016/01/02 v1.6 sample color configuration
)
Package color Info: Driver file: pdftex.def on input line 147.

(/usr/local/texlive/2017/texmf-dist/tex/latex/graphics-def/pdftex.def
File: pdftex.def 2017/01/12 v0.06k Graphics/color for pdfTeX

(/usr/local/texlive/2017/texmf-dist/tex/generic/oberdiek/infwarerr.sty
Package: infwarerr 2016/05/16 v1.4 Providing info/warning/error messages (HO)
)
(/usr/local/texlive/2017/texmf-dist/tex/generic/oberdiek/ltxcmds.sty
Package: ltxcmds 2016/05/16 v1.23 LaTeX kernel commands for general use (HO)
)
\Gread@gobject=\count90
))
(/usr/local/texlive/2017/texmf-dist/tex/latex/graphics/graphics.sty
Package: graphics 2017/04/14 v1.1b Standard LaTeX Graphics (DPC,SPQR)

(/usr/local/texlive/2017/texmf-dist/tex/latex/graphics/trig.sty
Package: trig 2016/01/03 v1.10 sin cos tan (DPC)
)
(/usr/local/texlive/2017/texmf-dist/tex/latex/graphics-cfg/graphics.cfg
File: graphics.cfg 2016/06/04 v1.11 sample graphics configuration
)
Package graphics Info: Driver file: pdftex.def on input line 99.
)
\CROP@offset=\count91
Package crop Info: Local config file crop.cfg used on input line 605.

(/usr/local/texlive/2017/texmf-dist/tex/xelatex/xetexconfig/crop.cfg))
(/usr/local/texlive/2017/texmf-dist/tex/latex/amsmath/amsmath.sty
Package: amsmath 2016/11/05 v2.16a AMS math features
\@mathmargin=\skip41

For additional information on amsmath, use the `?' option.
(/usr/local/texlive/2017/texmf-dist/tex/latex/amsmath/amstext.sty
Package: amstext 2000/06/29 v2.01 AMS text

(/usr/local/texlive/2017/texmf-dist/tex/latex/amsmath/amsgen.sty
File: amsgen.sty 1999/11/30 v2.0 generic functions
\@emptytoks=\toks31
\ex@=\dimen109
))
(/usr/local/texlive/2017/texmf-dist/tex/latex/amsmath/amsbsy.sty
Package: amsbsy 1999/11/29 v1.2d Bold Symbols
\pmbraise@=\dimen110
)
(/usr/local/texlive/2017/texmf-dist/tex/latex/amsmath/amsopn.sty
Package: amsopn 2016/03/08 v2.02 operator names
)
\inf@bad=\count92
LaTeX Info: Redefining \frac on input line 213.
\uproot@=\count93
\leftroot@=\count94
LaTeX Info: Redefining \overline on input line 375.
\classnum@=\count95
\DOTSCASE@=\count96
LaTeX Info: Redefining \ldots on input line 472.
LaTeX Info: Redefining \dots on input line 475.
LaTeX Info: Redefining \cdots on input line 596.
\Mathstrutbox@=\box32
\strutbox@=\box33
\big@size=\dimen111
LaTeX Font Info:    Redeclaring font encoding OML on input line 712.
LaTeX Font Info:    Redeclaring font encoding OMS on input line 713.
\macc@depth=\count97
\c@MaxMatrixCols=\count98
\dotsspace@=\muskip10
\c@parentequation=\count99
\dspbrk@lvl=\count100
\tag@help=\toks32
\row@=\count101
\column@=\count102
\maxfields@=\count103
\andhelp@=\toks33
\eqnshift@=\dimen112
\alignsep@=\dimen113
\tagshift@=\dimen114
\tagwidth@=\dimen115
\totwidth@=\dimen116
\lineht@=\dimen117
\@envbody=\toks34
\multlinegap=\skip42
\multlinetaggap=\skip43
\mathdisplay@stack=\toks35
LaTeX Info: Redefining \[ on input line 2817.
LaTeX Info: Redefining \] on input line 2818.
)
(/usr/local/texlive/2017/texmf-dist/tex/latex/amsfonts/amssymb.sty
Package: amssymb 2013/01/14 v3.01 AMS font symbols

(/usr/local/texlive/2017/texmf-dist/tex/latex/amsfonts/amsfonts.sty
Package: amsfonts 2013/01/14 v3.01 Basic AMSFonts support
\symAMSa=\mathgroup4
\symAMSb=\mathgroup5
LaTeX Font Info:    Overwriting math alphabet `\mathfrak' in version `bold'
(Font)                  U/euf/m/n --> U/euf/b/n on input line 106.
))
(/usr/local/texlive/2017/texmf-dist/tex/latex/amscls/upref.sty
Package: upref 2007/03/14 v2.04
)
(/usr/local/texlive/2017/texmf-dist/tex/latex/endnotes/endnotes.sty
\c@endnote=\count104
\endnotesep=\dimen118
\@enotes=\write3
)
(/usr/local/texlive/2017/texmf-dist/tex/latex/amscls/amsthm.sty
Package: amsthm 2015/03/04 v2.20.2
\thm@style=\toks36
\thm@bodyfont=\toks37
\thm@headfont=\toks38
\thm@notefont=\toks39
\thm@headpunct=\toks40
\thm@preskip=\skip44
\thm@postskip=\skip45
\thm@headsep=\skip46
\dth@everypar=\toks41
)
(/usr/local/texlive/2017/texmf-dist/tex/latex/marginnote/marginnote.sty
Package: marginnote 2017/04/22 v1.2b non floating margin notes for LaTeX
\c@mn@abspage=\count105
)
(/usr/local/texlive/2017/texmf-dist/tex/latex/soul/soul.sty
Package: soul 2003/11/17 v2.4 letterspacing/underlining (mf)
\SOUL@word=\toks42
\SOUL@lasttoken=\toks43
\SOUL@cmds=\toks44
\SOUL@buffer=\toks45
\SOUL@token=\toks46
\SOUL@spaceskip=\skip47
\SOUL@ttwidth=\dimen119
\SOUL@uldp=\dimen120
\SOUL@ulht=\dimen121
)
(/usr/local/texlive/2017/texmf-dist/tex/latex/graphics/graphicx.sty
Package: graphicx 2014/10/28 v1.0g Enhanced LaTeX Graphics (DPC,SPQR)

(/usr/local/texlive/2017/texmf-dist/tex/latex/graphics/keyval.sty
Package: keyval 2014/10/28 v1.15 key=value parser (DPC)
\KV@toks@=\toks47
)
\Gin@req@height=\dimen122
\Gin@req@width=\dimen123
)
(/usr/local/texlive/2017/texmf-dist/tex/latex/graphics/rotating.sty
Package: rotating 2016/08/11 v2.16d rotated objects in LaTeX

(/usr/local/texlive/2017/texmf-dist/tex/latex/base/ifthen.sty
Package: ifthen 2014/09/29 v1.1c Standard LaTeX ifthen package (DPC)
)
\c@r@tfl@t=\count106
\rotFPtop=\skip48
\rotFPbot=\skip49
\rot@float@box=\box34
\rot@mess@toks=\toks48
)
(/usr/local/texlive/2017/texmf-dist/tex/latex/tools/dcolumn.sty
Package: dcolumn 2014/10/28 v1.06 decimal alignment package (DPC)

(/usr/local/texlive/2017/texmf-dist/tex/latex/tools/array.sty
Package: array 2016/10/06 v2.4d Tabular extension package (FMi)
\col@sep=\dimen124
\extrarowheight=\dimen125
\NC@list=\toks49
\extratabsurround=\skip50
\backup@length=\skip51
))
(/usr/local/texlive/2017/texmf-dist/tex/latex/base/fontenc.sty
Package: fontenc 2017/04/05 v2.0i Standard LaTeX package

(/usr/local/texlive/2017/texmf-dist/tex/latex/base/t1enc.def
File: t1enc.def 2017/04/05 v2.0i Standard LaTeX file
LaTeX Font Info:    Redeclaring font encoding T1 on input line 48.
))
(/usr/local/texlive/2017/texmf-dist/tex/latex/psnfss/palatino.sty
Package: palatino 2005/04/12 PSNFSS-v9.2a (SPQR) 
)
(/usr/local/texlive/2017/texmf-dist/tex/latex/psnfss/helvet.sty
Package: helvet 2005/04/12 PSNFSS-v9.2a (WaS) 
)
\catchlinewd=\dimen126
\dcht=\dimen127
\frametextht=\dimen128
\myrunhwidth=\skip52
LaTeX Font Info:    Try loading font information for T1+phv on input line 479.

(/usr/local/texlive/2017/texmf-dist/tex/latex/psnfss/t1phv.fd
File: t1phv.fd 2001/06/04 scalable font definitions for T1/phv.
)
LaTeX Font Info:    Font shape `T1/phv/m/n' will be
(Font)              scaled to size 9.35007pt on input line 479.
\c@part=\count107
\c@section=\count108
\c@subsection=\count109
\c@subsubsection=\count110
\c@paragraph=\count111
\c@subparagraph=\count112
\c@figure=\count113
\c@scheme=\count114
\c@table=\count115
\abovecaptionskip=\skip53
\belowcaptionskip=\skip54
\leftnoteskip=\dimen129

(/usr/local/texlive/2017/texmf-dist/tex/latex/colortbl/colortbl.sty
Package: colortbl 2012/02/13 v1.0a Color table columns (DPC)
\everycr=\toks50
\minrowclearance=\skip55
)
\bibindent=\dimen130
\absbox=\box35
\fmtextbox=\box36
\c@mythm=\count116
\rotdimen=\dimen131
\symEulerExtension=\mathgroup6
LaTeX Font Info:    Redeclaring math symbol \intop on input line 1447.
LaTeX Font Info:    Redeclaring math symbol \ointop on input line 1448.
\eqntext=\dimen132

(/usr/local/texlive/2017/texmf-dist/tex/latex/natbib/natbib.sty
Package: natbib 2010/09/13 8.31b (PWD, AO)
\bibhang=\skip56
\bibsep=\skip57
LaTeX Info: Redefining \cite on input line 694.
\c@NAT@ctr=\count117
)
(/usr/local/texlive/2017/texmf-dist/tex/latex/hyperref/hyperref.sty
Package: hyperref 2017/03/14 v6.85a Hypertext links for LaTeX

(/usr/local/texlive/2017/texmf-dist/tex/generic/oberdiek/hobsub-hyperref.sty
Package: hobsub-hyperref 2016/05/16 v1.14 Bundle oberdiek, subset hyperref (HO)


(/usr/local/texlive/2017/texmf-dist/tex/generic/oberdiek/hobsub-generic.sty
Package: hobsub-generic 2016/05/16 v1.14 Bundle oberdiek, subset generic (HO)
Package: hobsub 2016/05/16 v1.14 Construct package bundles (HO)
Package hobsub Info: Skipping package `infwarerr' (already loaded).
Package hobsub Info: Skipping package `ltxcmds' (already loaded).
Package: ifluatex 2016/05/16 v1.4 Provides the ifluatex switch (HO)
Package ifluatex Info: LuaTeX not detected.
Package: ifvtex 2016/05/16 v1.6 Detect VTeX and its facilities (HO)
Package ifvtex Info: VTeX not detected.
Package: intcalc 2016/05/16 v1.2 Expandable calculations with integers (HO)
Package: ifpdf 2017/03/15 v3.2 Provides the ifpdf switch
Package: etexcmds 2016/05/16 v1.6 Avoid name clashes with e-TeX commands (HO)
Package etexcmds Info: Could not find \expanded.
(etexcmds)             That can mean that you are not using pdfTeX 1.50 or
(etexcmds)             that some package has redefined \expanded.
(etexcmds)             In the latter case, load this package earlier.
Package: kvsetkeys 2016/05/16 v1.17 Key value parser (HO)
Package: kvdefinekeys 2016/05/16 v1.4 Define keys (HO)
Package: pdftexcmds 2017/03/19 v0.25 Utility functions of pdfTeX for LuaTeX (HO
)
Package pdftexcmds Info: LuaTeX not detected.
Package pdftexcmds Info: \pdf@primitive is available.
Package pdftexcmds Info: \pdf@ifprimitive is available.
Package pdftexcmds Info: \pdfdraftmode found.
Package: pdfescape 2016/05/16 v1.14 Implements pdfTeX's escape features (HO)
Package: bigintcalc 2016/05/16 v1.4 Expandable calculations on big integers (HO
)
Package: bitset 2016/05/16 v1.2 Handle bit-vector datatype (HO)
Package: uniquecounter 2016/05/16 v1.3 Provide unlimited unique counter (HO)
)
Package hobsub Info: Skipping package `hobsub' (already loaded).
Package: letltxmacro 2016/05/16 v1.5 Let assignment for LaTeX macros (HO)
Package: hopatch 2016/05/16 v1.3 Wrapper for package hooks (HO)
Package: xcolor-patch 2016/05/16 xcolor patch
Package: atveryend 2016/05/16 v1.9 Hooks at the very end of document (HO)
Package atveryend Info: \enddocument detected (standard20110627).
Package: atbegshi 2016/06/09 v1.18 At begin shipout hook (HO)
Package atbegshi Info: Package `crop' patched.
Package: refcount 2016/05/16 v3.5 Data extraction from label references (HO)
Package: hycolor 2016/05/16 v1.8 Color options for hyperref/bookmark (HO)
)
(/usr/local/texlive/2017/texmf-dist/tex/generic/ifxetex/ifxetex.sty
Package: ifxetex 2010/09/12 v0.6 Provides ifxetex conditional
)
(/usr/local/texlive/2017/texmf-dist/tex/latex/oberdiek/auxhook.sty
Package: auxhook 2016/05/16 v1.4 Hooks for auxiliary files (HO)
)
(/usr/local/texlive/2017/texmf-dist/tex/latex/oberdiek/kvoptions.sty
Package: kvoptions 2016/05/16 v3.12 Key value format for package options (HO)
)
\@linkdim=\dimen133
\Hy@linkcounter=\count118
\Hy@pagecounter=\count119

(/usr/local/texlive/2017/texmf-dist/tex/latex/hyperref/pd1enc.def
File: pd1enc.def 2017/03/14 v6.85a Hyperref: PDFDocEncoding definition (HO)
)
\Hy@SavedSpaceFactor=\count120

(/usr/local/texlive/2017/texmf-dist/tex/latex/latexconfig/hyperref.cfg
File: hyperref.cfg 2002/06/06 v1.2 hyperref configuration of TeXLive
)
Package hyperref Info: Option `bookmarksnumbered' set `true' on input line 4374
.
Package hyperref Info: Option `raiselinks' set `true' on input line 4374.
Package hyperref Info: Option `breaklinks' set `true' on input line 4374.
Package hyperref Info: Hyper figures OFF on input line 4498.
Package hyperref Info: Link nesting OFF on input line 4503.
Package hyperref Info: Hyper index ON on input line 4506.
Package hyperref Info: Plain pages OFF on input line 4513.
Package hyperref Info: Backreferencing OFF on input line 4518.
Package hyperref Info: Implicit mode ON; LaTeX internals redefined.
Package hyperref Info: Bookmarks ON on input line 4751.
\c@Hy@tempcnt=\count121

(/usr/local/texlive/2017/texmf-dist/tex/latex/url/url.sty
\Urlmuskip=\muskip11
Package: url 2013/09/16  ver 3.4  Verb mode for urls, etc.
)
LaTeX Info: Redefining \url on input line 5104.
\XeTeXLinkMargin=\dimen134
\Fld@menulength=\count122
\Field@Width=\dimen135
\Fld@charsize=\dimen136
Package hyperref Info: Hyper figures OFF on input line 6358.
Package hyperref Info: Link nesting OFF on input line 6363.
Package hyperref Info: Hyper index ON on input line 6366.
Package hyperref Info: backreferencing OFF on input line 6373.
Package hyperref Info: Link coloring OFF on input line 6378.
Package hyperref Info: Link coloring with OCG OFF on input line 6383.
Package hyperref Info: PDF/A mode OFF on input line 6388.
LaTeX Info: Redefining \ref on input line 6428.
LaTeX Info: Redefining \pageref on input line 6432.
\Hy@abspage=\count123
\c@Item=\count124
\c@Hfootnote=\count125
)

Package hyperref Message: Driver (autodetected): hpdftex.

(/usr/local/texlive/2017/texmf-dist/tex/latex/hyperref/hpdftex.def
File: hpdftex.def 2017/03/14 v6.85a Hyperref driver for pdfTeX
\Fld@listcount=\count126
\c@bookmark@seq@number=\count127

(/usr/local/texlive/2017/texmf-dist/tex/latex/oberdiek/rerunfilecheck.sty
Package: rerunfilecheck 2016/05/16 v1.8 Rerun checks for auxiliary files (HO)
Package uniquecounter Info: New unique counter `rerunfilecheck' on input line 2
82.
)
\Hy@SectionHShift=\skip58
)
Package hyperref Info: Option `colorlinks' set `true' on input line 1524.
)
\c@theorem=\count128
\c@condition=\count129
\c@corollary=\count130

(/usr/local/texlive/2017/texmf-dist/tex/latex/xcolor/xcolor.sty
Package: xcolor 2016/05/11 v2.12 LaTeX color extensions (UK)

(/usr/local/texlive/2017/texmf-dist/tex/latex/graphics-cfg/color.cfg
File: color.cfg 2016/01/02 v1.6 sample color configuration
)
Package xcolor Info: Driver file: pdftex.def on input line 225.
LaTeX Info: Redefining \color on input line 709.
Package xcolor Info: Model `cmy' substituted by `cmy0' on input line 1348.
Package xcolor Info: Model `hsb' substituted by `rgb' on input line 1352.
Package xcolor Info: Model `RGB' extended on input line 1364.
Package xcolor Info: Model `HTML' substituted by `rgb' on input line 1366.
Package xcolor Info: Model `Hsb' substituted by `hsb' on input line 1367.
Package xcolor Info: Model `tHsb' substituted by `hsb' on input line 1368.
Package xcolor Info: Model `HSB' substituted by `hsb' on input line 1369.
Package xcolor Info: Model `Gray' substituted by `gray' on input line 1370.
Package xcolor Info: Model `wave' substituted by `hsb' on input line 1371.
)
(/usr/local/texlive/2017/texmf-dist/tex/latex/subfig/subfig.sty
Package: subfig 2005/06/28 ver: 1.3 subfig package

(/usr/local/texlive/2017/texmf-dist/tex/latex/caption/caption.sty
Package: caption 2016/02/21 v3.3-144 Customizing captions (AR)

(/usr/local/texlive/2017/texmf-dist/tex/latex/caption/caption3.sty
Package: caption3 2016/05/22 v1.7-166 caption3 kernel (AR)
Package caption3 Info: TeX engine: e-TeX on input line 67.
\captionmargin=\dimen137
\captionmargin@=\dimen138
\captionwidth=\dimen139
\caption@tempdima=\dimen140
\caption@indent=\dimen141
\caption@parindent=\dimen142
\caption@hangindent=\dimen143
Package caption Info: Unknown document class (or package),
(caption)             standard defaults will be used.
)

Package caption Warning: Unsupported document class (or package) detected,
(caption)                usage of the caption package is not recommended.
See the caption package documentation for explanation.

Package caption Info: \@makecaption = \long macro:#1#2->\vskip \abovecaptionski
p \sbox \@tempboxa {{\captionheadfont #1.}\hskip 2.5pt{\captionfont #2}}\ifdim 
\wd \@tempboxa <\hsize \global \@minipagefalse \hb@xt@ \hsize {\box \@tempboxa 
}\else \ifdim \wd \@tempboxa >1.99\hsize {{\captionheadfont #1.}\hskip 2.5pt {\
captionfont #2}\par } \else {{\captionheadfont #1.}\hskip 2.5pt {\captionfont #
2}\par } \fi \fi \vskip \belowcaptionskip .
\c@ContinuedFloat=\count131
Package caption Info: hyperref package is loaded.
Package caption Info: rotating package is loaded.
)
\c@KVtest=\count132
\sf@farskip=\skip59
\sf@captopadj=\dimen144
\sf@capskip=\skip60
\sf@nearskip=\skip61
\c@subfigure=\count133
\c@subfigure@save=\count134
\c@lofdepth=\count135
\c@subtable=\count136
\c@subtable@save=\count137
\c@lotdepth=\count138
\sf@top=\skip62
\sf@bottom=\skip63
) (/usr/local/texlive/2017/texmf-dist/tex/latex/tools/multicol.sty
Package: multicol 2017/04/11 v1.8q multicolumn formatting (FMi)
\c@tracingmulticols=\count139
\mult@box=\box37
\multicol@leftmargin=\dimen145
\c@unbalance=\count140
\c@collectmore=\count141
\doublecol@number=\count142
\multicoltolerance=\count143
\multicolpretolerance=\count144
\full@width=\dimen146
\page@free=\dimen147
\premulticols=\dimen148
\postmulticols=\dimen149
\multicolsep=\skip64
\multicolbaselineskip=\skip65
\partial@page=\box38
\last@line=\box39
\maxbalancingoverflow=\dimen150
\mult@rightbox=\box40
\mult@grightbox=\box41
\mult@gfirstbox=\box42
\mult@firstbox=\box43
\@tempa=\box44
\@tempa=\box45
\@tempa=\box46
\@tempa=\box47
\@tempa=\box48
\@tempa=\box49
\@tempa=\box50
\@tempa=\box51
\@tempa=\box52
\@tempa=\box53
\@tempa=\box54
\@tempa=\box55
\@tempa=\box56
\@tempa=\box57
\@tempa=\box58
\@tempa=\box59
\@tempa=\box60
\c@columnbadness=\count145
\c@finalcolumnbadness=\count146
\last@try=\dimen151
\multicolovershoot=\dimen152
\multicolundershoot=\dimen153
\mult@nat@firstbox=\box61
\colbreak@box=\box62
\mc@col@check@num=\count147
)
(/usr/local/texlive/2017/texmf-dist/tex/latex/psnfss/times.sty
Package: times 2005/04/12 PSNFSS-v9.2a (SPQR) 
)
(/usr/local/texlive/2017/texmf-dist/tex/latex/comment/comment.sty
\CommentStream=\write4

Excluding comment 'comment')
(/usr/local/texlive/2017/texmf-dist/tex/latex/preprint/balance.sty
Package: balance 1999/02/23 4.3 (PWD)
\oldvsize=\dimen154
)
(/usr/local/texlive/2017/texmf-dist/tex/latex/tools/longtable.sty
Package: longtable 2014/10/28 v4.11 Multi-page Table package (DPC)
\LTleft=\skip66
\LTright=\skip67
\LTpre=\skip68
\LTpost=\skip69
\LTchunksize=\count148
\LTcapwidth=\dimen155
\LT@head=\box63
\LT@firsthead=\box64
\LT@foot=\box65
\LT@lastfoot=\box66
\LT@cols=\count149
\LT@rows=\count150
\c@LT@tables=\count151
\c@LT@chunks=\count152
\LT@p@ftn=\toks51
)
(/usr/local/texlive/2017/texmf-dist/tex/latex/booktabs/booktabs.sty
Package: booktabs 2016/04/27 v1.618033 publication quality tables
\heavyrulewidth=\dimen156
\lightrulewidth=\dimen157
\cmidrulewidth=\dimen158
\belowrulesep=\dimen159
\belowbottomsep=\dimen160
\aboverulesep=\dimen161
\abovetopsep=\dimen162
\cmidrulesep=\dimen163
\cmidrulekern=\dimen164
\defaultaddspace=\dimen165
\@cmidla=\count153
\@cmidlb=\count154
\@aboverulesep=\dimen166
\@belowrulesep=\dimen167
\@thisruleclass=\count155
\@lastruleclass=\count156
\@thisrulewidth=\dimen168
)
(./main.aux)
\openout1 = `main.aux'.

LaTeX Font Info:    Checking defaults for OML/cmm/m/it on input line 102.
LaTeX Font Info:    ... okay on input line 102.
LaTeX Font Info:    Checking defaults for T1/cmr/m/n on input line 102.
LaTeX Font Info:    ... okay on input line 102.
LaTeX Font Info:    Checking defaults for OT1/cmr/m/n on input line 102.
LaTeX Font Info:    ... okay on input line 102.
LaTeX Font Info:    Checking defaults for OMS/cmsy/m/n on input line 102.
LaTeX Font Info:    ... okay on input line 102.
LaTeX Font Info:    Checking defaults for OMX/cmex/m/n on input line 102.
LaTeX Font Info:    ... okay on input line 102.
LaTeX Font Info:    Checking defaults for U/cmr/m/n on input line 102.
LaTeX Font Info:    ... okay on input line 102.
LaTeX Font Info:    Checking defaults for PD1/pdf/m/n on input line 102.
LaTeX Font Info:    ... okay on input line 102.
LaTeX Font Info:    Try loading font information for T1+ptm on input line 102.
 (/usr/local/texlive/2017/texmf-dist/tex/latex/psnfss/t1ptm.fd
File: t1ptm.fd 2001/06/04 font definitions for T1/ptm.
)
(/usr/local/texlive/2017/texmf-dist/tex/context/base/mkii/supp-pdf.mkii
[Loading MPS to PDF converter (version 2006.09.02).]
\scratchcounter=\count157
\scratchdimen=\dimen169
\scratchbox=\box67
\nofMPsegments=\count158
\nofMParguments=\count159
\everyMPshowfont=\toks52
\MPscratchCnt=\count160
\MPscratchDim=\dimen170
\MPnumerator=\count161
\makeMPintoPDFobject=\count162
\everyMPtoPDFconversion=\toks53
) (/usr/local/texlive/2017/texmf-dist/tex/latex/oberdiek/epstopdf-base.sty
Package: epstopdf-base 2016/05/15 v2.6 Base part for package epstopdf

(/usr/local/texlive/2017/texmf-dist/tex/latex/oberdiek/grfext.sty
Package: grfext 2016/05/16 v1.2 Manage graphics extensions (HO)
)
Package epstopdf-base Info: Redefining graphics rule for `.eps' on input line 4
38.
Package grfext Info: Graphics extension search list:
(grfext)             [.png,.pdf,.jpg,.mps,.jpeg,.jbig2,.jb2,.PNG,.PDF,.JPG,.JPE
G,.JBIG2,.JB2,.eps]
(grfext)             \AppendGraphicsExtensions on input line 456.

(/usr/local/texlive/2017/texmf-dist/tex/latex/latexconfig/epstopdf-sys.cfg
File: epstopdf-sys.cfg 2010/07/13 v1.3 Configuration of (r)epstopdf for TeX Liv
e
))
Package crop Info: requested driver: `' on input line 102.
Package crop Info: detected driver: `pdftex' on input line 102.
Package crop Info: using `pdftex' graphics driver on input line 102.
Package marginnote Info: \pdfoutput not 0 or unimportant and
(marginnote)             \pdflastxpos or \lastxpos available.
(marginnote)             Extended position detection mode activated.
\AtBeginShipoutBox=\box68
Package hyperref Info: Link coloring ON on input line 102.

(/usr/local/texlive/2017/texmf-dist/tex/latex/hyperref/nameref.sty
Package: nameref 2016/05/21 v2.44 Cross-referencing by name of section

(/usr/local/texlive/2017/texmf-dist/tex/generic/oberdiek/gettitlestring.sty
Package: gettitlestring 2016/05/16 v1.5 Cleanup title references (HO)
)
\c@section@level=\count163
)
LaTeX Info: Redefining \ref on input line 102.
LaTeX Info: Redefining \pageref on input line 102.
LaTeX Info: Redefining \nameref on input line 102.

(./main.out) (./main.out)
\@outlinefile=\write5
\openout5 = `main.out'.

Package caption Info: Begin \AtBeginDocument code.
Package caption Info: subfig package v1.3 is loaded.
Package caption Info: longtable package is loaded.

(/usr/local/texlive/2017/texmf-dist/tex/latex/caption/ltcaption.sty
Package: ltcaption 2013/06/09 v1.4-94 longtable captions (AR)
)
Package caption Info: End \AtBeginDocument code.

Underfull \hbox (badness 1158) in paragraph at lines 126--128
\T1/ptm/m/n/9 that will be able to ac-cu-rately and ef-fi-ciently sup-port 
 []

<OPENSCIENCE.pdf, id=32, 153.57375pt x 33.12375pt>
File: OPENSCIENCE.pdf Graphic file (type pdf)
 <use OPENSCIENCE.pdf>
Package pdftex.def Info: OPENSCIENCE.pdf used on input line 132.
(pdftex.def)             Requested size: 153.57336pt x 33.12366pt.

Overfull \hbox (11.30959pt too wide) in paragraph at lines 132--132
[][] 
 []

LaTeX Font Info:    Font shape `T1/phv/m/n' will be
(Font)              scaled to size 11.47508pt on input line 132.

Package xcolor Warning: Incompatible color definition on input line 132.


Overfull \hbox (13.63518pt too wide) in paragraph at lines 132--132
[][]\T1/phv/m/n/13.5 rsos.royalsocietypublishing.org[] 
 []

LaTeX Font Info:    Font shape `T1/phv/m/n' will be
(Font)              scaled to size 15.30011pt on input line 132.
<OpenAccesslogo_bw.pdf, id=34, 20.075pt x 32.12pt>
File: OpenAccesslogo_bw.pdf Graphic file (type pdf)
 <use OpenAccesslogo_bw.pdf>
Package pdftex.def Info: OpenAccesslogo_bw.pdf used on input line 132.
(pdftex.def)             Requested size: 20.07494pt x 32.1199pt.

<RS_crossmark_logo.pdf, id=35, 25.92787pt x 32.61584pt>
File: RS_crossmark_logo.pdf Graphic file (type pdf)

<use RS_crossmark_logo.pdf>
Package pdftex.def Info: RS_crossmark_logo.pdf used on input line 132.
(pdftex.def)             Requested size: 25.9278pt x 32.61575pt.
LaTeX Font Info:    Font shape `T1/phv/m/n' will be
(Font)              scaled to size 8.50006pt on input line 132.
LaTeX Font Info:    Font shape `T1/phv/b/n' will be
(Font)              scaled to size 8.50006pt on input line 132.
LaTeX Font Info:    Try loading font information for U+msa on input line 132.

(/usr/local/texlive/2017/texmf-dist/tex/latex/amsfonts/umsa.fd
File: umsa.fd 2013/01/14 v3.01 AMS symbols A
)
LaTeX Font Info:    Try loading font information for U+msb on input line 132.

(/usr/local/texlive/2017/texmf-dist/tex/latex/amsfonts/umsb.fd
File: umsb.fd 2013/01/14 v3.01 AMS symbols B
)
LaTeX Font Info:    Try loading font information for U+euex on input line 132.

(/usr/local/texlive/2017/texmf-dist/tex/latex/amsfonts/ueuex.fd
File: ueuex.fd 2013/01/14 v3.01 Euler extra symbols
)
LaTeX Font Info:    Font shape `T1/phv/m/n' will be
(Font)              scaled to size 17.00012pt on input line 132.


Package xcolor Warning: Incompatible color definition on input line 132.

LaTeX Font Info:    Font shape `T1/phv/m/n' will be
(Font)              scaled to size 11.90009pt on input line 132.

Package xcolor Warning: Incompatible color definition on input line 132.

LaTeX Font Info:    Calculating math sizes for size <14> on input line 132.
LaTeX Font Info:    Calculating math sizes for size <11> on input line 132.

LaTeX Font Warning: Font shape `OT1/cmr/m/n' in size <5.5> not available
(Font)              size <5> substituted on input line 132.


LaTeX Font Warning: Font shape `OML/cmm/m/it' in size <5.5> not available
(Font)              size <5> substituted on input line 132.


LaTeX Font Warning: Font shape `OMS/cmsy/m/n' in size <5.5> not available
(Font)              size <5> substituted on input line 132.


Overfull \hbox (170.71654pt too wide) in paragraph at lines 132--132
[] 
 []


Package xcolor Warning: Incompatible color definition on input line 132.


Overfull \hbox (11.48364pt too wide) in paragraph at lines 132--132
$[]$|  $[]$ 
 []

(./Sections/1_intro.tex
Underfull \vbox (badness 10000) has occurred while \output is active []


Underfull \hbox (badness 10000) has occurred while \output is active
[]
 []

Package epstopdf Info: Source file: <RSOS_Pubs_Logo_Line_CMYK.eps>
(epstopdf)                    date: 2014-04-08 15:06:18
(epstopdf)                    size: 274746 bytes
(epstopdf)             Output file: <RSOS_Pubs_Logo_Line_CMYK-eps-converted-to.
pdf>
(epstopdf)                    date: 2019-04-25 11:54:53
(epstopdf)                    size: 15848 bytes
(epstopdf)             Command: <repstopdf --outfile=RSOS_Pubs_Logo_Line_CMYK-e
ps-converted-to.pdf RSOS_Pubs_Logo_Line_CMYK.eps>
(epstopdf)             \includegraphics on input line 1.
Package epstopdf Info: Output file is already uptodate.

<RSOS_Pubs_Logo_Line_CMYK-eps-converted-to.pdf, id=37, 153.57375pt x 20.075pt>
File: RSOS_Pubs_Logo_Line_CMYK-eps-converted-to.pdf Graphic file (type pdf)

<use RSOS_Pubs_Logo_Line_CMYK-eps-converted-to.pdf>
Package pdftex.def Info: RSOS_Pubs_Logo_Line_CMYK-eps-converted-to.pdf used on 
input line 1.
(pdftex.def)             Requested size: 153.57336pt x 20.07494pt.
LaTeX Font Info:    Font shape `T1/phv/m/n' will be
(Font)              scaled to size 6.37505pt on input line 1.
LaTeX Font Info:    Calculating math sizes for size <7.5> on input line 1.


LaTeX Font Warning: Font shape `OT1/cmr/m/n' in size <7.5> not available
(Font)              size <7> substituted on input line 1.


LaTeX Font Warning: Font shape `OT1/cmr/m/n' in size <3.75> not available
(Font)              size <5> substituted on input line 1.


LaTeX Font Warning: Font shape `OML/cmm/m/it' in size <7.5> not available
(Font)              size <7> substituted on input line 1.


LaTeX Font Warning: Font shape `OML/cmm/m/it' in size <3.75> not available
(Font)              size <5> substituted on input line 1.


LaTeX Font Warning: Font shape `OMS/cmsy/m/n' in size <7.5> not available
(Font)              size <7> substituted on input line 1.


LaTeX Font Warning: Font shape `OMS/cmsy/m/n' in size <3.75> not available
(Font)              size <5> substituted on input line 1.

LaTeX Font Info:    Try loading font information for OMS+phv on input line 1.
(/usr/local/texlive/2017/texmf-dist/tex/latex/psnfss/omsphv.fd
File: omsphv.fd 
)
LaTeX Font Info:    Font shape `OMS/phv/m/n' in size <7.5> not available
(Font)              Font shape `OMS/cmsy/m/n' tried instead on input line 1.


LaTeX Font Warning: Font shape `OMS/cmsy/m/n' in size <7.5> not available
(Font)              size <7> substituted on input line 1.

LaTeX Font Info:    Font shape `T1/phv/m/n' will be
(Font)              scaled to size 4.4625pt on input line 1.
LaTeX Font Info:    Font shape `T1/phv/m/n' will be
(Font)              scaled to size 3.18752pt on input line 1.

Package xcolor Warning: Incompatible color definition on input line 1.


Overfull \hbox (14.27687pt too wide) has occurred while \output is active
[]  [][][][][][] 
 []

[1


{/usr/local/texlive/2017/texmf-var/fonts/map/pdftex/updmap/pdftex.map} <./OPENS
CIENCE.pdf> <./OpenAccesslogo_bw.pdf> <./RS_crossmark_logo.pdf> <./RSOS_Pubs_Lo
go_Line_CMYK-eps-converted-to.pdf>]
LaTeX Font Info:    Font shape `T1/phv/m/n' will be
(Font)              scaled to size 13.6001pt on input line 1.


Package xcolor Warning: Incompatible color definition on input line 1.

LaTeX Font Info:    Try loading font information for OMS+ptm on input line 16.
(/usr/local/texlive/2017/texmf-dist/tex/latex/psnfss/omsptm.fd
File: omsptm.fd 
)
LaTeX Font Info:    Font shape `OMS/ptm/m/n' in size <9> not available
(Font)              Font shape `OMS/cmsy/m/n' tried instead on input line 16.
)
(./Sections/2_related.tex

Package xcolor Warning: Incompatible color definition on input line 1.

LaTeX Font Info:    Font shape `T1/ptm/bx/n' in size <9> not available
(Font)              Font shape `T1/ptm/b/n' tried instead on input line 8.
LaTeX Font Info:    Font shape `T1/phv/b/n' will be
(Font)              scaled to size 7.65005pt on input line 17.

Package xcolor Warning: Incompatible color definition on input line 17.


Overfull \vbox (21.4162pt too high) has occurred while \output is active []


[2]) (./Sections/3_facelift.tex

Package xcolor Warning: Incompatible color definition on input line 1.

<Plot/facelift-pipeline-2x.png, id=121, 5721.375pt x 1564.84625pt>
File: Plot/facelift-pipeline-2x.png Graphic file (type png)

<use Plot/facelift-pipeline-2x.png>
Package pdftex.def Info: Plot/facelift-pipeline-2x.png used on input line 32.
(pdftex.def)             Requested size: 384.1122pt x 105.03755pt.


Package xcolor Warning: Incompatible color definition on input line 44.


Overfull \vbox (21.51176pt too high) has occurred while \output is active []


[3]

Package xcolor Warning: Incompatible color definition on input line 51.

LaTeX Font Info:    Try loading font information for T1+pcr on input line 54.
(/usr/local/texlive/2017/texmf-dist/tex/latex/psnfss/t1pcr.fd
File: t1pcr.fd 2001/06/04 font definitions for T1/pcr.
)

Package xcolor Warning: Incompatible color definition on input line 67.


Overfull \vbox (21.4162pt too high) has occurred while \output is active []


[4 <./Plot/facelift-pipeline-2x.png

pdfTeX warning: /Library/TeX/texbin/pdflatex (file ./Plot/facelift-pipeline-2x.
png): large interlaced PNG might cause out of memory (use non-interlaced PNG to
 fix this)
>] <Plot/Trueskill.png, id=167, 981.6675pt x 719.68875pt>
File: Plot/Trueskill.png Graphic file (type png)

<use Plot/Trueskill.png>
Package pdftex.def Info: Plot/Trueskill.png used on input line 72.
(pdftex.def)             Requested size: 268.87737pt x 197.11885pt.

<Plot/rotationalSim.png, id=168, 432.61626pt x 435.6275pt>
File: Plot/rotationalSim.png Graphic file (type png)

<use Plot/rotationalSim.png>
Package pdftex.def Info: Plot/rotationalSim.png used on input line 84.
(pdftex.def)             Requested size: 192.05484pt x 227.61772pt.

<Plot/transSim.png, id=169, 433.62pt x 435.6275pt>
File: Plot/transSim.png Graphic file (type png)
 <use Plot/transSim.png>
Package pdftex.def Info: Plot/transSim.png used on input line 88.
(pdftex.def)             Requested size: 192.05714pt x 227.61772pt.

<Plot/SimilarityPlacesPrevalence.png, id=170, 1814.78pt x 1643.13875pt>
File: Plot/SimilarityPlacesPrevalence.png Graphic file (type png)

<use Plot/SimilarityPlacesPrevalence.png>
Package pdftex.def Info: Plot/SimilarityPlacesPrevalence.png used on input line
 98.
(pdftex.def)             Requested size: 384.1122pt x 347.77713pt.


Package xcolor Warning: Incompatible color definition on input line 128.


Package xcolor Warning: Incompatible color definition on input line 155.


Overfull \vbox (21.51176pt too high) has occurred while \output is active []


[5 <./Plot/Trueskill.png>]

Package xcolor Warning: Incompatible color definition on input line 155.

<Plot/AM_arch.pdf, id=186, 794.97pt x 351.3125pt>
File: Plot/AM_arch.pdf Graphic file (type pdf)
 <use Plot/AM_arch.pdf>
Package pdftex.def Info: Plot/AM_arch.pdf used on input line 159.
(pdftex.def)             Requested size: 384.1122pt x 169.74844pt.
LaTeX Font Info:    Font shape `T1/phv/m/n' will be
(Font)              scaled to size 7.65005pt on input line 164.

<Plot/GAN_examples/orig_1.png, id=187, 228.855pt x 229.35687pt>
File: Plot/GAN_examples/orig_1.png Graphic file (type png)

<use Plot/GAN_examples/orig_1.png>
Package pdftex.def Info: Plot/GAN_examples/orig_1.png used on input line 169.
(pdftex.def)             Requested size: 153.64253pt x 153.98328pt.

<Plot/GAN_examples/gan_1.png, id=188, 228.855pt x 229.85875pt>
File: Plot/GAN_examples/gan_1.png Graphic file (type png)

<use Plot/GAN_examples/gan_1.png>
Package pdftex.def Info: Plot/GAN_examples/gan_1.png used on input line 169.
(pdftex.def)             Requested size: 153.64253pt x 154.3202pt.

<Plot/GAN_examples/orig_2.png, id=189, 228.855pt x 228.35312pt>
File: Plot/GAN_examples/orig_2.png Graphic file (type png)

<use Plot/GAN_examples/orig_2.png>
Package pdftex.def Info: Plot/GAN_examples/orig_2.png used on input line 170.
(pdftex.def)             Requested size: 153.64253pt x 153.30939pt.

<Plot/GAN_examples/gan_2.png, id=190, 226.8475pt x 228.855pt>
File: Plot/GAN_examples/gan_2.png Graphic file (type png)

<use Plot/GAN_examples/gan_2.png>
Package pdftex.def Info: Plot/GAN_examples/gan_2.png used on input line 170.
(pdftex.def)             Requested size: 153.64253pt x 155.00124pt.

<Plot/GAN_examples/orig_3.png, id=191, 228.855pt x 228.855pt>
File: Plot/GAN_examples/orig_3.png Graphic file (type png)

<use Plot/GAN_examples/orig_3.png>
Package pdftex.def Info: Plot/GAN_examples/orig_3.png used on input line 171.
(pdftex.def)             Requested size: 153.64253pt x 153.64633pt.

<Plot/GAN_examples/gan_3.png, id=192, 228.35312pt x 229.35687pt>
File: Plot/GAN_examples/gan_3.png Graphic file (type png)

<use Plot/GAN_examples/gan_3.png>
Package pdftex.def Info: Plot/GAN_examples/gan_3.png used on input line 171.
(pdftex.def)             Requested size: 153.64253pt x 154.32274pt.


Package xcolor Warning: Incompatible color definition on input line 200.


Overfull \vbox (21.51176pt too high) has occurred while \output is active []


[6 <./Plot/rotationalSim.png> <./Plot/transSim.png>]

Package xcolor Warning: Incompatible color definition on input line 209.


Package xcolor Warning: Incompatible color definition on input line 215.


Package xcolor Warning: Incompatible color definition on input line 217.


Overfull \vbox (21.4162pt too high) has occurred while \output is active []


[7 <./Plot/SimilarityPlacesPrevalence.png>]
<Plot/examples/u_9.png, id=219, 231.264pt x 231.264pt>
File: Plot/examples/u_9.png Graphic file (type png)

<use Plot/examples/u_9.png>
Package pdftex.def Info: Plot/examples/u_9.png used on input line 233.
(pdftex.def)             Requested size: 115.23482pt x 115.23648pt.

<Plot/examples/t_9.png, id=220, 246.6816pt x 251.9814pt>
File: Plot/examples/t_9.png Graphic file (type png)

<use Plot/examples/t_9.png>
Package pdftex.def Info: Plot/examples/t_9.png used on input line 233.
(pdftex.def)             Requested size: 115.23482pt x 117.70842pt.

<Plot/examples/b_9.png, id=221, 231.264pt x 231.264pt>
File: Plot/examples/b_9.png Graphic file (type png)

<use Plot/examples/b_9.png>
Package pdftex.def Info: Plot/examples/b_9.png used on input line 233.
(pdftex.def)             Requested size: 115.23482pt x 115.23648pt.

<Plot/examples/u_4.jpeg, id=222, 481.8pt x 481.8pt>
File: Plot/examples/u_4.jpeg Graphic file (type jpg)

<use Plot/examples/u_4.jpeg>
Package pdftex.def Info: Plot/examples/u_4.jpeg used on input line 237.
(pdftex.def)             Requested size: 115.23482pt x 115.23001pt.

<Plot/examples/t_4.jpeg, id=223, 227.85126pt x 227.85126pt>
File: Plot/examples/t_4.jpeg Graphic file (type jpg)

<use Plot/examples/t_4.jpeg>
Package pdftex.def Info: Plot/examples/t_4.jpeg used on input line 237.
(pdftex.def)             Requested size: 115.23482pt x 115.23607pt.

<Plot/examples/b_4.jpeg, id=224, 481.8pt x 481.8pt>
File: Plot/examples/b_4.jpeg Graphic file (type jpg)

<use Plot/examples/b_4.jpeg>
Package pdftex.def Info: Plot/examples/b_4.jpeg used on input line 237.
(pdftex.def)             Requested size: 115.23482pt x 115.23001pt.

<Plot/examples/u_5.jpeg, id=225, 481.8pt x 481.8pt>
File: Plot/examples/u_5.jpeg Graphic file (type jpg)

<use Plot/examples/u_5.jpeg>
Package pdftex.def Info: Plot/examples/u_5.jpeg used on input line 238.
(pdftex.def)             Requested size: 115.23482pt x 115.23001pt.

<Plot/examples/t_5.jpeg, id=226, 227.85126pt x 227.85126pt>
File: Plot/examples/t_5.jpeg Graphic file (type jpg)

<use Plot/examples/t_5.jpeg>
Package pdftex.def Info: Plot/examples/t_5.jpeg used on input line 238.
(pdftex.def)             Requested size: 115.23482pt x 115.23607pt.

<Plot/examples/b_5.jpeg, id=227, 481.8pt x 481.8pt>
File: Plot/examples/b_5.jpeg Graphic file (type jpg)

<use Plot/examples/b_5.jpeg>
Package pdftex.def Info: Plot/examples/b_5.jpeg used on input line 238.
(pdftex.def)             Requested size: 115.23482pt x 115.23001pt.

<Plot/examples/u_7.jpeg, id=228, 481.8pt x 481.8pt>
File: Plot/examples/u_7.jpeg Graphic file (type jpg)

<use Plot/examples/u_7.jpeg>
Package pdftex.def Info: Plot/examples/u_7.jpeg used on input line 240.
(pdftex.def)             Requested size: 115.23482pt x 115.23001pt.

<Plot/examples/t_7.jpeg, id=229, 227.85126pt x 227.85126pt>
File: Plot/examples/t_7.jpeg Graphic file (type jpg)

<use Plot/examples/t_7.jpeg>
Package pdftex.def Info: Plot/examples/t_7.jpeg used on input line 240.
(pdftex.def)             Requested size: 115.23482pt x 115.23607pt.

<Plot/examples/b_7.jpeg, id=230, 481.8pt x 481.8pt>
File: Plot/examples/b_7.jpeg Graphic file (type jpg)

<use Plot/examples/b_7.jpeg>
Package pdftex.def Info: Plot/examples/b_7.jpeg used on input line 240.
(pdftex.def)             Requested size: 115.23482pt x 115.23001pt.

<Plot/examples/u_8.jpeg, id=231, 481.8pt x 481.8pt>
File: Plot/examples/u_8.jpeg Graphic file (type jpg)

<use Plot/examples/u_8.jpeg>
Package pdftex.def Info: Plot/examples/u_8.jpeg used on input line 241.
(pdftex.def)             Requested size: 115.23482pt x 115.23001pt.

<Plot/examples/t_8.jpeg, id=232, 227.85126pt x 227.85126pt>
File: Plot/examples/t_8.jpeg Graphic file (type jpg)

<use Plot/examples/t_8.jpeg>
Package pdftex.def Info: Plot/examples/t_8.jpeg used on input line 241.
(pdftex.def)             Requested size: 115.23482pt x 115.23607pt.

<Plot/examples/b_8.jpeg, id=233, 481.8pt x 481.8pt>
File: Plot/examples/b_8.jpeg Graphic file (type jpg)

<use Plot/examples/b_8.jpeg>
Package pdftex.def Info: Plot/examples/b_8.jpeg used on input line 241.
(pdftex.def)             Requested size: 115.23482pt x 115.23001pt.

Overfull \hbox (2.14027pt too wide) in paragraph at lines 229--244
 [][] 
 []


LaTeX Warning: Float too large for page by 12.59277pt on input line 246.

) (./Sections/4_metrics.tex

Package xcolor Warning: Incompatible color definition on input line 1.


Package xcolor Warning: Incompatible color definition on input line 18.


Package xcolor Warning: Incompatible color definition on input line 21.


Package xcolor Warning: Incompatible color definition on input line 46.


Overfull \vbox (21.51176pt too high) has occurred while \output is active []


[8 <./Plot/AM_arch.pdf>]

LaTeX Warning: `h' float specifier changed to `ht'.


Package xcolor Warning: Incompatible color definition on input line 51.


Overfull \vbox (21.51176pt too high) has occurred while \output is active []


[9 <./Plot/GAN_examples/orig_1.png> <./Plot/GAN_examples/gan_1.png> <./Plot/GAN
_examples/orig_2.png> <./Plot/GAN_examples/gan_2.png> <./Plot/GAN_examples/orig
_3.png> <./Plot/GAN_examples/gan_3.png>]

Package xcolor Warning: Incompatible color definition on input line 51.


Overfull \vbox (21.51176pt too high) has occurred while \output is active []


[10 <./Plot/examples/u_9.png> <./Plot/examples/t_9.png> <./Plot/examples/b_9.pn
g> <./Plot/examples/u_4.jpeg> <./Plot/examples/t_4.jpeg> <./Plot/examples/b_4.j
peg> <./Plot/examples/u_5.jpeg> <./Plot/examples/t_5.jpeg> <./Plot/examples/b_5
.jpeg> <./Plot/examples/u_7.jpeg> <./Plot/examples/t_7.jpeg> <./Plot/examples/b
_7.jpeg> <./Plot/examples/u_8.jpeg> <./Plot/examples/t_8.jpeg> <./Plot/examples
/b_8.jpeg>] <Plot/taxonomyCount.png, id=316, 855.195pt x 638.385pt>
File: Plot/taxonomyCount.png Graphic file (type png)

<use Plot/taxonomyCount.png>
Package pdftex.def Info: Plot/taxonomyCount.png used on input line 103.
(pdftex.def)             Requested size: 384.1122pt x 286.7251pt.


LaTeX Warning: `h' float specifier changed to `ht'.

<Plot/walkable_taxonomy.png, id=317, 1803.73875pt x 1411.2725pt>
File: Plot/walkable_taxonomy.png Graphic file (type png)

<use Plot/walkable_taxonomy.png>
Package pdftex.def Info: Plot/walkable_taxonomy.png used on input line 111.
(pdftex.def)             Requested size: 384.1122pt x 300.53209pt.


LaTeX Warning: `h' float specifier changed to `ht'.

<Plot/BinnedPlot.png, id=322, 1093.08376pt x 724.7075pt>
File: Plot/BinnedPlot.png Graphic file (type png)

<use Plot/BinnedPlot.png>
Package pdftex.def Info: Plot/BinnedPlot.png used on input line 140.
(pdftex.def)             Requested size: 172.84544pt x 142.26286pt.

<Plot/binnedPlot_complexity.png, id=323, 1103.12125pt x 724.7075pt>
File: Plot/binnedPlot_complexity.png Graphic file (type png)

<use Plot/binnedPlot_complexity.png>
Package pdftex.def Info: Plot/binnedPlot_complexity.png used on input line 144.

(pdftex.def)             Requested size: 172.8504pt x 142.26286pt.

Underfull \vbox (badness 10000) has occurred while \output is active []



Package xcolor Warning: Incompatible color definition on input line 158.


Overfull \vbox (21.4162pt too high) has occurred while \output is active []


[11]

Package xcolor Warning: Incompatible color definition on input line 171.


Overfull \vbox (21.4162pt too high) has occurred while \output is active []


[12]

Package xcolor Warning: Incompatible color definition on input line 175.


Package xcolor Warning: Incompatible color definition on input line 211.


Overfull \vbox (21.51176pt too high) has occurred while \output is active []


[13 <./Plot/taxonomyCount.png>]

Package xcolor Warning: Incompatible color definition on input line 213.


Overfull \vbox (21.4162pt too high) has occurred while \output is active []


[14 <./Plot/walkable_taxonomy.png> <./Plot/BinnedPlot.png> <./Plot/binnedPlot_c
omplexity.png>]

Package xcolor Warning: Incompatible color definition on input line 219.

<Plot/UI.png, id=379, 599.23875pt x 630.355pt>
File: Plot/UI.png Graphic file (type png)
 <use Plot/UI.png>
Package pdftex.def Info: Plot/UI.png used on input line 267.
(pdftex.def)             Requested size: 384.1122pt x 404.06064pt.
)
(./Sections/5_discussion.tex

Package xcolor Warning: Incompatible color definition on input line 5.


Package xcolor Warning: Incompatible color definition on input line 8.


Package xcolor Warning: Incompatible color definition on input line 11.


Overfull \vbox (21.51176pt too high) has occurred while \output is active []


[15]

Package xcolor Warning: Incompatible color definition on input line 13.


Overfull \vbox (21.51176pt too high) has occurred while \output is active []


[16 <./Plot/UI.png>]

Package xcolor Warning: Incompatible color definition on input line 19.

)

Package xcolor Warning: Incompatible color definition on input line 139.


Package xcolor Warning: Incompatible color definition on input line 142.


Package xcolor Warning: Incompatible color definition on input line 146.

(./main.bbl

Package xcolor Warning: Incompatible color definition on input line 1.


Package xcolor Warning: Incompatible color definition on input line 27.


Overfull \vbox (21.4162pt too high) has occurred while \output is active []


[17]
Underfull \hbox (badness 1939) in paragraph at lines 62--65
[]\T1/ptm/m/n/9 Sampson RJ, Rau-den-bush SW. 2004 See-ing Dis-or-der: Neigh-bor
-hood Stigma and the So-cial
 []


Package xcolor Warning: Incompatible color definition on input line 150.


Overfull \vbox (21.51176pt too high) has occurred while \output is active []


[18]) Setting LastPage

Package xcolor Warning: Incompatible color definition on input line 154.


Overfull \vbox (21.51176pt too high) has occurred while \output is active []


[19]
Package atveryend Info: Empty hook `BeforeClearDocument' on input line 154.
Package atveryend Info: Empty hook `AfterLastShipout' on input line 154.
 (./main.aux)
Package atveryend Info: Executing hook `AtVeryEndDocument' on input line 154.
Package atveryend Info: Executing hook `AtEndAfterFileList' on input line 154.
Package rerunfilecheck Info: File `main.out' has not changed.
(rerunfilecheck)             Checksum: A2D6EFDC1192281C0449A7DB879822F1;378.


LaTeX Font Warning: Size substitutions with differences
(Font)              up to 1.25pt have occurred.

Package atveryend Info: Empty hook `AtVeryVeryEnd' on input line 154.
 ) 
Here is how much of TeX's memory you used:
 10289 strings out of 492995
 151334 string characters out of 6132703
 270472 words of memory out of 5000000
 13442 multiletter control sequences out of 15000+600000
 74344 words of font info for 115 fonts, out of 8000000 for 9000
 1151 hyphenation exceptions out of 8191
 44i,18n,49p,2000b,535s stack positions out of 5000i,500n,10000p,200000b,80000s
{/usr/local/texlive/2017/texmf-dist/fonts/enc/dvips/base/8r.enc}</usr/local/t
exlive/2017/texmf-dist/fonts/type1/public/amsfonts/cmextra/cmex9.pfb></usr/loca
l/texlive/2017/texmf-dist/fonts/type1/public/amsfonts/cm/cmmi7.pfb></usr/local/
texlive/2017/texmf-dist/fonts/type1/public/amsfonts/cm/cmmi9.pfb></usr/local/te
xlive/2017/texmf-dist/fonts/type1/public/amsfonts/cm/cmr10.pfb></usr/local/texl
ive/2017/texmf-dist/fonts/type1/public/amsfonts/cm/cmr7.pfb></usr/local/texlive
/2017/texmf-dist/fonts/type1/public/amsfonts/cm/cmr8.pfb></usr/local/texlive/20
17/texmf-dist/fonts/type1/public/amsfonts/cm/cmr9.pfb></usr/local/texlive/2017/
texmf-dist/fonts/type1/public/amsfonts/cm/cmsy7.pfb></usr/local/texlive/2017/te
xmf-dist/fonts/type1/public/amsfonts/cm/cmsy9.pfb></usr/local/texlive/2017/texm
f-dist/fonts/type1/urw/courier/ucrr8a.pfb></usr/local/texlive/2017/texmf-dist/f
onts/type1/urw/helvetic/uhvb8a.pfb></usr/local/texlive/2017/texmf-dist/fonts/ty
pe1/urw/helvetic/uhvr8a.pfb></usr/local/texlive/2017/texmf-dist/fonts/type1/urw
/times/utmb8a.pfb></usr/local/texlive/2017/texmf-dist/fonts/type1/urw/times/utm
r8a.pfb></usr/local/texlive/2017/texmf-dist/fonts/type1/urw/times/utmr8a.pfb></
usr/local/texlive/2017/texmf-dist/fonts/type1/urw/times/utmri8a.pfb>
Output written on main.pdf (19 pages, 10310770 bytes).
PDF statistics:
 519 PDF objects out of 1000 (max. 8388607)
 410 compressed objects within 5 object streams
 118 named destinations out of 1000 (max. 500000)
 237 words of extra memory for PDF output out of 10000 (max. 10000000)

