\BOOKMARK [1][-]{section*.1}{\376\377\000A\000b\000s\000t\000r\000a\000c\000t}{}% 1
\BOOKMARK [1][-]{section.1}{\376\377\0001\000\040\000I\000n\000t\000r\000o\000d\000u\000c\000t\000i\000o\000n}{}% 2
\BOOKMARK [1][-]{section.2}{\376\377\0002\000\040\000R\000e\000l\000a\000t\000e\000d\000\040\000W\000o\000r\000k}{}% 3
\BOOKMARK [1][-]{section.3}{\376\377\0003\000\040\000I\000m\000a\000g\000e\000\040\000T\000r\000a\000s\000n\000f\000o\000r\000m\000a\000t\000i\000o\000n\000\040\000F\000r\000a\000m\000e\000w\000o\000r\000k}{}% 4
\BOOKMARK [2][-]{subsection.3.1}{\376\377\0003\000.\0001\000\040\000P\000h\000a\000s\000e\000\040\0001\000:\000\040\000C\000l\000a\000s\000s\000i\000f\000y\000i\000n\000g\000\040\000I\000m\000a\000g\000e\000s}{section.3}% 5
\BOOKMARK [2][-]{subsection.3.2}{\376\377\0003\000.\0002\000\040\000P\000h\000a\000s\000e\000\040\0002\000:\000\040\000G\000e\000n\000e\000r\000a\000t\000i\000n\000g\000\040\000I\000m\000a\000g\000e\000s}{section.3}% 6
\BOOKMARK [2][-]{subsection.3.3}{\376\377\0003\000.\0003\000\040\000P\000h\000a\000s\000e\000\040\0003\000:\000\040\000R\000e\000t\000r\000i\000e\000v\000i\000n\000g\000\040\000I\000m\000a\000g\000e\000s\000\040}{section.3}% 7
\BOOKMARK [1][-]{section.4}{\376\377\0004\000\040\000\040\000F\000a\000c\000e\000L\000i\000f\000t\000\040\000S\000p\000e\000c\000i\000f\000i\000c\000s}{}% 8
\BOOKMARK [2][-]{subsection.4.1}{\376\377\0004\000.\0001\000\040\000D\000a\000t\000a\000\040}{section.4}% 9
\BOOKMARK [2][-]{subsection.4.2}{\376\377\0004\000.\0002\000\040\000C\000l\000a\000s\000s\000i\000f\000y\000i\000n\000g\000\040\000B\000e\000a\000u\000t\000y}{section.4}% 10
\BOOKMARK [2][-]{subsection.4.3}{\376\377\0004\000.\0003\000\040\000G\000e\000n\000e\000r\000a\000t\000i\000n\000g\000\040\000B\000e\000a\000u\000t\000y}{section.4}% 11
\BOOKMARK [2][-]{subsection.4.4}{\376\377\0004\000.\0004\000\040\000R\000e\000t\000r\000i\000e\000v\000a\000l\000\040\000o\000f\000\040\000b\000e\000a\000u\000t\000y}{section.4}% 12
\BOOKMARK [2][-]{subsection.4.5}{\376\377\0004\000.\0005\000\040\000P\000i\000p\000e\000l\000i\000n\000e\000\040\000V\000a\000l\000i\000d\000a\000t\000i\000o\000n}{section.4}% 13
\BOOKMARK [1][-]{section.5}{\376\377\0005\000\040\000V\000a\000l\000i\000d\000a\000t\000i\000o\000n\000\040\000M\000e\000t\000r\000i\000c\000s}{}% 14
\BOOKMARK [2][-]{subsection.5.1}{\376\377\0005\000.\0001\000\040\000C\000o\000m\000p\000u\000t\000a\000t\000i\000o\000n\000a\000l\000\040\000M\000e\000t\000h\000o\000d\000s}{section.5}% 15
\BOOKMARK [2][-]{subsection.5.2}{\376\377\0005\000.\0002\000\040\000T\000e\000s\000t\000i\000n\000g\000\040\000H\000y\000p\000o\000t\000h\000e\000s\000i\000s}{section.5}% 16
\BOOKMARK [2][-]{subsection.5.3}{\376\377\0005\000.\0003\000\040\000I\000n\000t\000e\000r\000d\000e\000p\000e\000n\000d\000e\000n\000c\000e\000\040\000o\000f\000\040\000U\000r\000b\000a\000n\000\040\000e\000l\000e\000m\000e\000n\000t\000s}{section.5}% 17
\BOOKMARK [1][-]{section.6}{\376\377\0006\000\040\000D\000i\000s\000c\000u\000s\000s\000i\000o\000n}{}% 18
\BOOKMARK [2][-]{subsection.6.1}{\376\377\0006\000.\0001\000\040\000B\000e\000y\000o\000n\000d\000\040\000B\000e\000a\000u\000t\000y}{section.6}% 19
\BOOKMARK [2][-]{subsection.6.2}{\376\377\0006\000.\0002\000\040\000L\000i\000m\000i\000t\000a\000t\000i\000o\000n\000s\000\040\000a\000n\000d\000\040\000b\000i\000a\000s\000e\000s}{section.6}% 20
\BOOKMARK [2][-]{subsection.6.3}{\376\377\0006\000.\0003\000\040\000F\000u\000t\000u\000r\000e\000\040\000w\000o\000r\000k}{section.6}% 21
\BOOKMARK [1][-]{section*.16}{\376\377\000R\000e\000f\000e\000r\000e\000n\000c\000e\000s}{}% 22
